{"C:\\Users\\Asus\\Desktop\\allypet\\services\\admin-service\\src\\app.js": {"path":"C:\\Users\\Asus\\Desktop\\allypet\\services\\admin-service\\src\\app.js","statementMap":{"0":{"start":{"line":1,"column":16},"end":{"line":1,"column":34}},"1":{"start":{"line":2,"column":13},"end":{"line":2,"column":28}},"2":{"start":{"line":3,"column":0},"end":{"line":3,"column":27}},"3":{"start":{"line":5,"column":12},"end":{"line":5,"column":21}},"4":{"start":{"line":8,"column":0},"end":{"line":8,"column":16}},"5":{"start":{"line":9,"column":0},"end":{"line":9,"column":24}},"6":{"start":{"line":12,"column":20},"end":{"line":12,"column":52}},"7":{"start":{"line":13,"column":0},"end":{"line":13,"column":35}},"8":{"start":{"line":16,"column":0},"end":{"line":18,"column":3}},"9":{"start":{"line":17,"column":2},"end":{"line":17,"column":43}},"10":{"start":{"line":20,"column":0},"end":{"line":20,"column":21}}},"fnMap":{"0":{"name":"(anonymous_0)","decl":{"start":{"line":16,"column":13},"end":{"line":16,"column":14}},"loc":{"start":{"line":16,"column":27},"end":{"line":18,"column":1}},"line":16}},"branchMap":{},"s":{"0":1,"1":1,"2":1,"3":1,"4":1,"5":1,"6":1,"7":1,"8":1,"9":1,"10":1},"f":{"0":1},"b":{},"_coverageSchema":"1a1c01bbd47fc00a2c39e90264f33305004495a9","hash":"44ebb088ef5a9886c8f78c7767a208ead79e49a2"}
,"C:\\Users\\Asus\\Desktop\\allypet\\services\\admin-service\\src\\controllers\\admin.controller.js": {"path":"C:\\Users\\Asus\\Desktop\\allypet\\services\\admin-service\\src\\controllers\\admin.controller.js","statementMap":{"0":{"start":{"line":1,"column":21},"end":{"line":1,"column":57}},"1":{"start":{"line":3,"column":21},"end":{"line":15,"column":1}},"2":{"start":{"line":4,"column":2},"end":{"line":14,"column":3}},"3":{"start":{"line":5,"column":18},"end":{"line":5,"column":56}},"4":{"start":{"line":6,"column":4},"end":{"line":10,"column":7}},"5":{"start":{"line":12,"column":4},"end":{"line":12,"column":59}},"6":{"start":{"line":13,"column":4},"end":{"line":13,"column":76}},"7":{"start":{"line":17,"column":17},"end":{"line":25,"column":1}},"8":{"start":{"line":18,"column":2},"end":{"line":24,"column":3}},"9":{"start":{"line":19,"column":18},"end":{"line":19,"column":50}},"10":{"start":{"line":20,"column":4},"end":{"line":20,"column":37}},"11":{"start":{"line":22,"column":4},"end":{"line":22,"column":55}},"12":{"start":{"line":23,"column":4},"end":{"line":23,"column":75}},"13":{"start":{"line":29,"column":21},"end":{"line":41,"column":1}},"14":{"start":{"line":30,"column":17},"end":{"line":30,"column":27}},"15":{"start":{"line":31,"column":2},"end":{"line":40,"column":3}},"16":{"start":{"line":32,"column":20},"end":{"line":32,"column":55}},"17":{"start":{"line":33,"column":4},"end":{"line":35,"column":5}},"18":{"start":{"line":34,"column":6},"end":{"line":34,"column":72}},"19":{"start":{"line":36,"column":4},"end":{"line":36,"column":65}},"20":{"start":{"line":38,"column":4},"end":{"line":38,"column":59}},"21":{"start":{"line":39,"column":4},"end":{"line":39,"column":74}},"22":{"start":{"line":43,"column":23},"end":{"line":55,"column":1}},"23":{"start":{"line":44,"column":17},"end":{"line":44,"column":27}},"24":{"start":{"line":45,"column":2},"end":{"line":54,"column":3}},"25":{"start":{"line":46,"column":20},"end":{"line":46,"column":57}},"26":{"start":{"line":47,"column":4},"end":{"line":49,"column":5}},"27":{"start":{"line":48,"column":6},"end":{"line":48,"column":72}},"28":{"start":{"line":50,"column":4},"end":{"line":50,"column":68}},"29":{"start":{"line":52,"column":4},"end":{"line":52,"column":61}},"30":{"start":{"line":53,"column":4},"end":{"line":53,"column":77}},"31":{"start":{"line":57,"column":24},"end":{"line":69,"column":1}},"32":{"start":{"line":58,"column":17},"end":{"line":58,"column":27}},"33":{"start":{"line":59,"column":2},"end":{"line":68,"column":3}},"34":{"start":{"line":60,"column":20},"end":{"line":60,"column":58}},"35":{"start":{"line":61,"column":4},"end":{"line":63,"column":5}},"36":{"start":{"line":62,"column":6},"end":{"line":62,"column":83}},"37":{"start":{"line":64,"column":4},"end":{"line":64,"column":60}},"38":{"start":{"line":66,"column":4},"end":{"line":66,"column":62}},"39":{"start":{"line":67,"column":4},"end":{"line":67,"column":75}},"40":{"start":{"line":71,"column":27},"end":{"line":83,"column":1}},"41":{"start":{"line":72,"column":17},"end":{"line":72,"column":27}},"42":{"start":{"line":73,"column":2},"end":{"line":82,"column":3}},"43":{"start":{"line":74,"column":20},"end":{"line":74,"column":61}},"44":{"start":{"line":75,"column":4},"end":{"line":77,"column":5}},"45":{"start":{"line":76,"column":6},"end":{"line":76,"column":83}},"46":{"start":{"line":78,"column":4},"end":{"line":78,"column":63}},"47":{"start":{"line":80,"column":4},"end":{"line":80,"column":65}},"48":{"start":{"line":81,"column":4},"end":{"line":81,"column":78}},"49":{"start":{"line":85,"column":27},"end":{"line":97,"column":1}},"50":{"start":{"line":86,"column":17},"end":{"line":86,"column":27}},"51":{"start":{"line":87,"column":2},"end":{"line":96,"column":3}},"52":{"start":{"line":88,"column":20},"end":{"line":88,"column":61}},"53":{"start":{"line":89,"column":4},"end":{"line":91,"column":5}},"54":{"start":{"line":90,"column":6},"end":{"line":90,"column":86}},"55":{"start":{"line":92,"column":4},"end":{"line":92,"column":63}},"56":{"start":{"line":94,"column":4},"end":{"line":94,"column":65}},"57":{"start":{"line":95,"column":4},"end":{"line":95,"column":78}},"58":{"start":{"line":99,"column":30},"end":{"line":111,"column":1}},"59":{"start":{"line":100,"column":17},"end":{"line":100,"column":27}},"60":{"start":{"line":101,"column":2},"end":{"line":110,"column":3}},"61":{"start":{"line":102,"column":20},"end":{"line":102,"column":64}},"62":{"start":{"line":103,"column":4},"end":{"line":105,"column":5}},"63":{"start":{"line":104,"column":6},"end":{"line":104,"column":86}},"64":{"start":{"line":106,"column":4},"end":{"line":106,"column":66}},"65":{"start":{"line":108,"column":4},"end":{"line":108,"column":68}},"66":{"start":{"line":109,"column":4},"end":{"line":109,"column":81}},"67":{"start":{"line":113,"column":24},"end":{"line":125,"column":1}},"68":{"start":{"line":114,"column":17},"end":{"line":114,"column":27}},"69":{"start":{"line":115,"column":2},"end":{"line":124,"column":3}},"70":{"start":{"line":116,"column":20},"end":{"line":116,"column":58}},"71":{"start":{"line":117,"column":4},"end":{"line":119,"column":5}},"72":{"start":{"line":118,"column":6},"end":{"line":118,"column":83}},"73":{"start":{"line":120,"column":4},"end":{"line":120,"column":60}},"74":{"start":{"line":122,"column":4},"end":{"line":122,"column":62}},"75":{"start":{"line":123,"column":4},"end":{"line":123,"column":75}},"76":{"start":{"line":127,"column":27},"end":{"line":139,"column":1}},"77":{"start":{"line":128,"column":17},"end":{"line":128,"column":27}},"78":{"start":{"line":129,"column":2},"end":{"line":138,"column":3}},"79":{"start":{"line":130,"column":20},"end":{"line":130,"column":61}},"80":{"start":{"line":131,"column":4},"end":{"line":133,"column":5}},"81":{"start":{"line":132,"column":6},"end":{"line":132,"column":83}},"82":{"start":{"line":134,"column":4},"end":{"line":134,"column":63}},"83":{"start":{"line":136,"column":4},"end":{"line":136,"column":65}},"84":{"start":{"line":137,"column":4},"end":{"line":137,"column":78}},"85":{"start":{"line":141,"column":0},"end":{"line":152,"column":2}}},"fnMap":{"0":{"name":"(anonymous_0)","decl":{"start":{"line":3,"column":21},"end":{"line":3,"column":22}},"loc":{"start":{"line":3,"column":41},"end":{"line":15,"column":1}},"line":3},"1":{"name":"(anonymous_1)","decl":{"start":{"line":17,"column":17},"end":{"line":17,"column":18}},"loc":{"start":{"line":17,"column":37},"end":{"line":25,"column":1}},"line":17},"2":{"name":"(anonymous_2)","decl":{"start":{"line":29,"column":21},"end":{"line":29,"column":22}},"loc":{"start":{"line":29,"column":41},"end":{"line":41,"column":1}},"line":29},"3":{"name":"(anonymous_3)","decl":{"start":{"line":43,"column":23},"end":{"line":43,"column":24}},"loc":{"start":{"line":43,"column":43},"end":{"line":55,"column":1}},"line":43},"4":{"name":"(anonymous_4)","decl":{"start":{"line":57,"column":24},"end":{"line":57,"column":25}},"loc":{"start":{"line":57,"column":44},"end":{"line":69,"column":1}},"line":57},"5":{"name":"(anonymous_5)","decl":{"start":{"line":71,"column":27},"end":{"line":71,"column":28}},"loc":{"start":{"line":71,"column":47},"end":{"line":83,"column":1}},"line":71},"6":{"name":"(anonymous_6)","decl":{"start":{"line":85,"column":27},"end":{"line":85,"column":28}},"loc":{"start":{"line":85,"column":47},"end":{"line":97,"column":1}},"line":85},"7":{"name":"(anonymous_7)","decl":{"start":{"line":99,"column":30},"end":{"line":99,"column":31}},"loc":{"start":{"line":99,"column":50},"end":{"line":111,"column":1}},"line":99},"8":{"name":"(anonymous_8)","decl":{"start":{"line":113,"column":24},"end":{"line":113,"column":25}},"loc":{"start":{"line":113,"column":44},"end":{"line":125,"column":1}},"line":113},"9":{"name":"(anonymous_9)","decl":{"start":{"line":127,"column":27},"end":{"line":127,"column":28}},"loc":{"start":{"line":127,"column":47},"end":{"line":139,"column":1}},"line":127}},"branchMap":{"0":{"loc":{"start":{"line":7,"column":18},"end":{"line":7,"column":39}},"type":"binary-expr","locations":[{"start":{"line":7,"column":18},"end":{"line":7,"column":34}},{"start":{"line":7,"column":38},"end":{"line":7,"column":39}}],"line":7},"1":{"loc":{"start":{"line":8,"column":18},"end":{"line":8,"column":39}},"type":"binary-expr","locations":[{"start":{"line":8,"column":18},"end":{"line":8,"column":34}},{"start":{"line":8,"column":38},"end":{"line":8,"column":39}}],"line":8},"2":{"loc":{"start":{"line":9,"column":17},"end":{"line":9,"column":37}},"type":"binary-expr","locations":[{"start":{"line":9,"column":17},"end":{"line":9,"column":32}},{"start":{"line":9,"column":36},"end":{"line":9,"column":37}}],"line":9},"3":{"loc":{"start":{"line":20,"column":22},"end":{"line":20,"column":33}},"type":"binary-expr","locations":[{"start":{"line":20,"column":22},"end":{"line":20,"column":27}},{"start":{"line":20,"column":31},"end":{"line":20,"column":33}}],"line":20},"4":{"loc":{"start":{"line":33,"column":4},"end":{"line":35,"column":5}},"type":"if","locations":[{"start":{"line":33,"column":4},"end":{"line":35,"column":5}},{"start":{},"end":{}}],"line":33},"5":{"loc":{"start":{"line":47,"column":4},"end":{"line":49,"column":5}},"type":"if","locations":[{"start":{"line":47,"column":4},"end":{"line":49,"column":5}},{"start":{},"end":{}}],"line":47},"6":{"loc":{"start":{"line":61,"column":4},"end":{"line":63,"column":5}},"type":"if","locations":[{"start":{"line":61,"column":4},"end":{"line":63,"column":5}},{"start":{},"end":{}}],"line":61},"7":{"loc":{"start":{"line":75,"column":4},"end":{"line":77,"column":5}},"type":"if","locations":[{"start":{"line":75,"column":4},"end":{"line":77,"column":5}},{"start":{},"end":{}}],"line":75},"8":{"loc":{"start":{"line":89,"column":4},"end":{"line":91,"column":5}},"type":"if","locations":[{"start":{"line":89,"column":4},"end":{"line":91,"column":5}},{"start":{},"end":{}}],"line":89},"9":{"loc":{"start":{"line":103,"column":4},"end":{"line":105,"column":5}},"type":"if","locations":[{"start":{"line":103,"column":4},"end":{"line":105,"column":5}},{"start":{},"end":{}}],"line":103},"10":{"loc":{"start":{"line":117,"column":4},"end":{"line":119,"column":5}},"type":"if","locations":[{"start":{"line":117,"column":4},"end":{"line":119,"column":5}},{"start":{},"end":{}}],"line":117},"11":{"loc":{"start":{"line":131,"column":4},"end":{"line":133,"column":5}},"type":"if","locations":[{"start":{"line":131,"column":4},"end":{"line":133,"column":5}},{"start":{},"end":{}}],"line":131}},"s":{"0":1,"1":1,"2":2,"3":2,"4":1,"5":1,"6":1,"7":1,"8":2,"9":2,"10":2,"11":0,"12":0,"13":1,"14":2,"15":2,"16":2,"17":2,"18":1,"19":1,"20":0,"21":0,"22":1,"23":2,"24":2,"25":2,"26":2,"27":1,"28":1,"29":0,"30":0,"31":1,"32":2,"33":2,"34":2,"35":2,"36":1,"37":1,"38":0,"39":0,"40":1,"41":1,"42":1,"43":1,"44":1,"45":0,"46":1,"47":0,"48":0,"49":1,"50":2,"51":2,"52":2,"53":2,"54":1,"55":1,"56":0,"57":0,"58":1,"59":0,"60":0,"61":0,"62":0,"63":0,"64":0,"65":0,"66":0,"67":1,"68":2,"69":2,"70":2,"71":2,"72":1,"73":1,"74":0,"75":0,"76":1,"77":1,"78":1,"79":1,"80":1,"81":0,"82":1,"83":0,"84":0,"85":1},"f":{"0":2,"1":2,"2":2,"3":2,"4":2,"5":1,"6":2,"7":0,"8":2,"9":1},"b":{"0":[1,0],"1":[1,0],"2":[1,0],"3":[2,0],"4":[1,1],"5":[1,1],"6":[1,1],"7":[0,1],"8":[1,1],"9":[0,0],"10":[1,1],"11":[0,1]},"_coverageSchema":"1a1c01bbd47fc00a2c39e90264f33305004495a9","hash":"7b997366f3b0e463a9cb25621da22144b78a1eeb"}
,"C:\\Users\\Asus\\Desktop\\allypet\\services\\admin-service\\src\\routes\\admin.routes.js": {"path":"C:\\Users\\Asus\\Desktop\\allypet\\services\\admin-service\\src\\routes\\admin.routes.js","statementMap":{"0":{"start":{"line":1,"column":16},"end":{"line":1,"column":34}},"1":{"start":{"line":2,"column":15},"end":{"line":2,"column":31}},"2":{"start":{"line":3,"column":24},"end":{"line":3,"column":66}},"3":{"start":{"line":4,"column":25},"end":{"line":4,"column":65}},"4":{"start":{"line":7,"column":0},"end":{"line":9,"column":3}},"5":{"start":{"line":8,"column":2},"end":{"line":8,"column":60}},"6":{"start":{"line":12,"column":0},"end":{"line":12,"column":69}},"7":{"start":{"line":13,"column":0},"end":{"line":13,"column":61}},"8":{"start":{"line":16,"column":0},"end":{"line":16,"column":80}},"9":{"start":{"line":17,"column":0},"end":{"line":17,"column":84}},"10":{"start":{"line":20,"column":0},"end":{"line":20,"column":90}},"11":{"start":{"line":21,"column":0},"end":{"line":21,"column":93}},"12":{"start":{"line":22,"column":0},"end":{"line":22,"column":93}},"13":{"start":{"line":23,"column":0},"end":{"line":23,"column":96}},"14":{"start":{"line":24,"column":0},"end":{"line":24,"column":90}},"15":{"start":{"line":25,"column":0},"end":{"line":25,"column":93}},"16":{"start":{"line":27,"column":0},"end":{"line":27,"column":24}}},"fnMap":{"0":{"name":"(anonymous_0)","decl":{"start":{"line":7,"column":16},"end":{"line":7,"column":17}},"loc":{"start":{"line":7,"column":30},"end":{"line":9,"column":1}},"line":7}},"branchMap":{},"s":{"0":1,"1":1,"2":1,"3":1,"4":1,"5":1,"6":1,"7":1,"8":1,"9":1,"10":1,"11":1,"12":1,"13":1,"14":1,"15":1,"16":1},"f":{"0":1},"b":{},"_coverageSchema":"1a1c01bbd47fc00a2c39e90264f33305004495a9","hash":"4ac873e8af41ffe8d12acbc6747c77536240ffd9"}
}
