TN:
SF:src\app.js
FN:16,(anonymous_0)
FNF:1
FNH:1
FNDA:1,(anonymous_0)
DA:1,1
DA:2,1
DA:3,1
DA:5,1
DA:8,1
DA:9,1
DA:12,1
DA:13,1
DA:16,1
DA:17,1
DA:20,1
LF:11
LH:11
BRF:0
BRH:0
end_of_record
TN:
SF:src\controllers\admin.controller.js
FN:3,(anonymous_0)
FN:17,(anonymous_1)
FN:29,(anonymous_2)
FN:43,(anonymous_3)
FN:57,(anonymous_4)
FN:71,(anonymous_5)
FN:85,(anonymous_6)
FN:99,(anonymous_7)
FN:113,(anonymous_8)
FN:127,(anonymous_9)
FNF:10
FNH:9
FNDA:2,(anonymous_0)
FNDA:2,(anonymous_1)
FNDA:2,(anonymous_2)
FNDA:2,(anonymous_3)
FNDA:2,(anonymous_4)
FNDA:1,(anonymous_5)
FNDA:2,(anonymous_6)
FNDA:0,(anonymous_7)
FNDA:2,(anonymous_8)
FNDA:1,(anonymous_9)
DA:1,1
DA:3,1
DA:4,2
DA:5,2
DA:6,1
DA:12,1
DA:13,1
DA:17,1
DA:18,2
DA:19,2
DA:20,2
DA:22,0
DA:23,0
DA:29,1
DA:30,2
DA:31,2
DA:32,2
DA:33,2
DA:34,1
DA:36,1
DA:38,0
DA:39,0
DA:43,1
DA:44,2
DA:45,2
DA:46,2
DA:47,2
DA:48,1
DA:50,1
DA:52,0
DA:53,0
DA:57,1
DA:58,2
DA:59,2
DA:60,2
DA:61,2
DA:62,1
DA:64,1
DA:66,0
DA:67,0
DA:71,1
DA:72,1
DA:73,1
DA:74,1
DA:75,1
DA:76,0
DA:78,1
DA:80,0
DA:81,0
DA:85,1
DA:86,2
DA:87,2
DA:88,2
DA:89,2
DA:90,1
DA:92,1
DA:94,0
DA:95,0
DA:99,1
DA:100,0
DA:101,0
DA:102,0
DA:103,0
DA:104,0
DA:106,0
DA:108,0
DA:109,0
DA:113,1
DA:114,2
DA:115,2
DA:116,2
DA:117,2
DA:118,1
DA:120,1
DA:122,0
DA:123,0
DA:127,1
DA:128,1
DA:129,1
DA:130,1
DA:131,1
DA:132,0
DA:134,1
DA:136,0
DA:137,0
DA:141,1
LF:86
LH:60
BRDA:7,0,0,1
BRDA:7,0,1,0
BRDA:8,1,0,1
BRDA:8,1,1,0
BRDA:9,2,0,1
BRDA:9,2,1,0
BRDA:20,3,0,2
BRDA:20,3,1,0
BRDA:33,4,0,1
BRDA:33,4,1,1
BRDA:47,5,0,1
BRDA:47,5,1,1
BRDA:61,6,0,1
BRDA:61,6,1,1
BRDA:75,7,0,0
BRDA:75,7,1,1
BRDA:89,8,0,1
BRDA:89,8,1,1
BRDA:103,9,0,0
BRDA:103,9,1,0
BRDA:117,10,0,1
BRDA:117,10,1,1
BRDA:131,11,0,0
BRDA:131,11,1,1
BRF:24
BRH:16
end_of_record
TN:
SF:src\routes\admin.routes.js
FN:7,(anonymous_0)
FNF:1
FNH:1
FNDA:1,(anonymous_0)
DA:1,1
DA:2,1
DA:3,1
DA:4,1
DA:7,1
DA:8,1
DA:12,1
DA:13,1
DA:16,1
DA:17,1
DA:20,1
DA:21,1
DA:22,1
DA:23,1
DA:24,1
DA:25,1
DA:27,1
LF:17
LH:17
BRF:0
BRH:0
end_of_record
